1:C 17 Sep 2020 14:03:27.339 # oO0OoO0OoO0Oo Redis is starting oO0OoO0OoO0Oo
1:C 17 Sep 2020 14:03:27.340 # Redis version=5.0.1, bits=64, commit=00000000, modified=0, pid=1, just started
1:C 17 Sep 2020 14:03:27.341 # Configuration loaded
1:M 17 Sep 2020 14:03:27.347 * No cluster configuration found, I'm 52917dbdcc4cdab8a4fe0140d5b1682a92bd97a8
                _._                                                  
           _.-``__ ''-._                                             
      _.-``    `.  `_.  ''-._           Redis 5.0.1 (00000000/0) 64 bit
  .-`` .-```.  ```\/    _.,_ ''-._                                   
 (    '      ,       .-`  | `,    )     Running in cluster mode
 |`-._`-...-` __...-.``-._|'` _.-'|     Port: 6379
 |    `-._   `._    /     _.-'    |     PID: 1
  `-._    `-._  `-./  _.-'    _.-'                                   
 |`-._`-._    `-.__.-'    _.-'_.-'|                                  
 |    `-._`-._        _.-'_.-'    |           http://redis.io        
  `-._    `-._`-.__.-'_.-'    _.-'                                   
 |`-._`-._    `-.__.-'    _.-'_.-'|                                  
 |    `-._`-._        _.-'_.-'    |                                  
  `-._    `-._`-.__.-'_.-'    _.-'                                   
      `-._    `-.__.-'    _.-'                                       
          `-._        _.-'                                           
              `-.__.-'                                               

1:M 17 Sep 2020 14:03:27.365 # WARNING: The TCP backlog setting of 511 cannot be enforced because /proc/sys/net/core/somaxconn is set to the lower value of 128.
1:M 17 Sep 2020 14:03:27.367 # Server initialized
1:M 17 Sep 2020 14:03:27.369 # WARNING you have Transparent Huge Pages (THP) support enabled in your kernel. This will create latency and memory usage issues with Redis. To fix this issue run the command 'echo never > /sys/kernel/mm/transparent_hugepage/enabled' as root, and add it to your /etc/rc.local in order to retain the setting after a reboot. Redis must be restarted after THP is disabled.
1:M 17 Sep 2020 14:03:27.372 * Ready to accept connections
1:M 17 Sep 2020 14:03:52.609 # Bad message length or signature received from Cluster bus.
1:M 17 Sep 2020 14:03:56.901 # Bad message length or signature received from Cluster bus.
1:M 17 Sep 2020 14:04:21.631 # Bad message length or signature received from Cluster bus.
1:M 17 Sep 2020 14:06:08.510 # configEpoch set to 1 via CLUSTER SET-CONFIG-EPOCH
1:M 17 Sep 2020 14:06:08.661 # IP address for this node updated to 192.21.2.200
1:M 17 Sep 2020 14:06:13.345 * Replica 192.21.2.203:6379 asks for synchronization
1:M 17 Sep 2020 14:06:13.346 * Partial resynchronization not accepted: Replication ID mismatch (Replica asked for '07d7a42e4bb1e7349949e103bd8e445b499ba996', my replication IDs are 'b6ae93ea09aa61f7f43833a24846a95218f6f4d8' and '0000000000000000000000000000000000000000')
1:M 17 Sep 2020 14:06:13.348 * Starting BGSAVE for SYNC with target: disk
1:M 17 Sep 2020 14:06:13.351 * Background saving started by pid 17
17:C 17 Sep 2020 14:06:13.356 * DB saved on disk
17:C 17 Sep 2020 14:06:13.359 * RDB: 0 MB of memory used by copy-on-write
1:M 17 Sep 2020 14:06:13.430 * Background saving terminated with success
1:M 17 Sep 2020 14:06:13.436 * Synchronization with replica 192.21.2.203:6379 succeeded
1:M 17 Sep 2020 14:06:13.535 # Cluster state changed: ok
1:M 17 Sep 2020 14:07:09.993 # Possible SECURITY ATTACK detected. It looks like somebody is sending POST or Host: commands to Redis. This is likely due to an attacker attempting to use Cross Protocol Scripting to compromise your Redis instance. Connection aborted.
1:M 17 Sep 2020 14:07:10.021 # Bad message length or signature received from Cluster bus.
1:M 17 Sep 2020 14:07:11.125 # Bad message length or signature received from Cluster bus.
1:M 17 Sep 2020 14:07:12.137 # Bad message length or signature received from Cluster bus.
1:M 17 Sep 2020 14:07:13.163 # Bad message length or signature received from Cluster bus.
1:M 17 Sep 2020 14:07:14.183 # Bad message length or signature received from Cluster bus.
1:M 17 Sep 2020 14:07:15.283 # Bad message length or signature received from Cluster bus.
1:M 17 Sep 2020 14:07:40.710 # Bad message length or signature received from Cluster bus.
1:M 17 Sep 2020 14:07:41.748 # Bad message length or signature received from Cluster bus.
1:M 17 Sep 2020 14:07:42.766 # Bad message length or signature received from Cluster bus.
1:M 17 Sep 2020 14:07:43.961 # Bad message length or signature received from Cluster bus.
1:M 17 Sep 2020 14:07:44.000 # Bad message length or signature received from Cluster bus.
1:M 17 Sep 2020 14:07:45.051 # Bad message length or signature received from Cluster bus.
1:M 17 Sep 2020 14:07:45.076 # Bad message length or signature received from Cluster bus.
1:M 17 Sep 2020 14:07:46.088 # Bad message length or signature received from Cluster bus.
1:M 17 Sep 2020 14:07:46.168 # Bad message length or signature received from Cluster bus.
1:M 17 Sep 2020 14:07:47.164 # Bad message length or signature received from Cluster bus.
1:M 17 Sep 2020 14:07:48.174 # Bad message length or signature received from Cluster bus.
1:M 17 Sep 2020 14:07:49.153 # Bad message length or signature received from Cluster bus.
1:M 17 Sep 2020 14:07:50.022 # Bad message length or signature received from Cluster bus.
1:M 17 Sep 2020 14:07:51.227 # Bad message length or signature received from Cluster bus.
1:M 17 Sep 2020 14:07:51.267 # Bad message length or signature received from Cluster bus.
1:M 17 Sep 2020 14:07:52.018 # Bad message length or signature received from Cluster bus.
1:M 17 Sep 2020 14:07:52.332 # Bad message length or signature received from Cluster bus.
1:M 17 Sep 2020 14:07:52.348 # Bad message length or signature received from Cluster bus.
1:M 17 Sep 2020 14:07:52.824 # Bad message length or signature received from Cluster bus.
1:M 17 Sep 2020 14:07:53.091 # Bad message length or signature received from Cluster bus.
1:M 17 Sep 2020 14:07:53.361 # Bad message length or signature received from Cluster bus.
1:M 17 Sep 2020 14:07:53.372 # Bad message length or signature received from Cluster bus.
1:M 17 Sep 2020 14:07:53.889 # Bad message length or signature received from Cluster bus.
1:M 17 Sep 2020 14:07:54.116 # Bad message length or signature received from Cluster bus.
1:M 17 Sep 2020 14:07:55.521 # Bad message length or signature received from Cluster bus.
1:M 17 Sep 2020 14:07:55.537 # Bad message length or signature received from Cluster bus.
1:M 17 Sep 2020 14:07:55.555 # Bad message length or signature received from Cluster bus.
1:M 17 Sep 2020 14:07:55.561 # Bad message length or signature received from Cluster bus.
1:M 17 Sep 2020 14:07:57.230 # Bad message length or signature received from Cluster bus.
1:M 17 Sep 2020 14:07:57.246 # Bad message length or signature received from Cluster bus.
1:M 17 Sep 2020 14:07:57.265 # Bad message length or signature received from Cluster bus.
1:M 17 Sep 2020 14:07:57.277 # Bad message length or signature received from Cluster bus.
1:M 17 Sep 2020 14:07:58.399 # Bad message length or signature received from Cluster bus.
1:M 17 Sep 2020 14:07:58.412 # Bad message length or signature received from Cluster bus.
1:M 17 Sep 2020 14:07:58.419 # Bad message length or signature received from Cluster bus.
1:M 17 Sep 2020 14:08:00.259 # Bad message length or signature received from Cluster bus.
1:signal-handler (1600352549) Received SIGTERM scheduling shutdown...
1:M 17 Sep 2020 14:22:29.900 # User requested shutdown...
1:M 17 Sep 2020 14:22:29.903 * Removing the pid file.
1:M 17 Sep 2020 14:22:29.921 # Redis is now ready to exit, bye bye...
